<?xml version="1.0" encoding="UTF-8"?>
<testsuite name="testSuite.Prueba" tests="1" skipped="0" failures="0" errors="0" timestamp="2023-10-19T13:28:01" hostname="LAPTOP-PI6J3TIU" time="14.655">
  <properties/>
  <testcase name="pruebaLogin" classname="testSuite.Prueba" time="14.655"/>
  <system-out><![CDATA[[PdfBciReport] closePDF
[PdfBciReport] createTitlePage
Error en Cargar un elemento: java.lang.NullPointerException: Cannot invoke "String.split(String)" because the return value of "java.io.BufferedReader.readLine()" is null
File: RFNA8B3GRLKNQR7 Not found
]]></system-out>
  <system-err><![CDATA[]]></system-err>
</testsuite>
